<?xml version="1.0" encoding="UTF-8"?>
<testsuite xmlns:xsi="http://www.w3.org/2001/XMLSchema-instance" xsi:noNamespaceSchemaLocation="https://maven.apache.org/surefire/maven-surefire-plugin/xsd/surefire-test-report-3.0.xsd" version="3.0" name="med.voll.api.controller.ConsultaControllerTest" time="18.158" tests="2" errors="0" skipped="0" failures="0">
  <properties>
[...]
</properties>
  <testcase name="agendarEscenario1" classname="med.voll.api.controller.ConsultaControllerTest" time="0.335">
    <system-out><![CDATA[17:14:12.350 [main] INFO org.springframework.test.context.support.AnnotationConfigContextLoaderUtils -- Could not detect default configuration classes for test class [med.voll.api.controller.ConsultaControllerTest]: ConsultaControllerTest does not declare any static, non-private, non-final, nested classes annotated with @Configuration.
17:14:12.661 [main] INFO org.springframework.boot.test.context.SpringBootTestContextBootstrapper -- Found @SpringBootConfiguration med.voll.api.ApiApplication for test class med.voll.api.controller.ConsultaControllerTest
17:14:13.045 [main] INFO org.springframework.boot.devtools.restart.RestartApplicationListener -- Restart disabled due to context in which it is running
  .   ____          _            __ _ _
 /\\ / ___'_ __ _ _(_)_ __  __ _ \ \ \ \
( ( )\___ | '_ | '_| | '_ \/ _` | \ \ \ \
 \\/  ___)| |_)| | | | | || (_| |  ) ) ) )
  '  |____| .__|_| |_|_| |_\__, | / / / /
 =========|_|==============|___/=/_/_/_/

 :: Spring Boot ::                (v3.3.0)

2025-03-23T17:14:13.748-03:00  INFO 4716 --- [           main] m.v.a.controller.ConsultaControllerTest  : Starting ConsultaControllerTest using Java 17.0.6 with PID 4716 (started by HP in C:\Users\HP LAPTOP\Desktop\APImedicos)
2025-03-23T17:14:13.751-03:00  INFO 4716 --- [           main] m.v.a.controller.ConsultaControllerTest  : No active profile set, falling back to 1 default profile: "default"
2025-03-23T17:14:16.414-03:00  INFO 4716 --- [           main] .s.d.r.c.RepositoryConfigurationDelegate : Bootstrapping Spring Data JPA repositories in DEFAULT mode.
2025-03-23T17:14:16.638-03:00  INFO 4716 --- [           main] .s.d.r.c.RepositoryConfigurationDelegate : Finished Spring Data repository scanning in 194 ms. Found 4 JPA repository interfaces.
2025-03-23T17:14:20.018-03:00  INFO 4716 --- [           main] o.hibernate.jpa.internal.util.LogHelper  : HHH000204: Processing PersistenceUnitInfo [name: default]
2025-03-23T17:14:20.226-03:00  INFO 4716 --- [           main] org.hibernate.Version                    : HHH000412: Hibernate ORM core version 6.5.2.Final
2025-03-23T17:14:20.348-03:00  INFO 4716 --- [           main] o.h.c.internal.RegionFactoryInitiator    : HHH000026: Second-level cache disabled
2025-03-23T17:14:20.819-03:00  INFO 4716 --- [           main] o.s.o.j.p.SpringPersistenceUnitInfo      : No LoadTimeWeaver setup: ignoring JPA class transformer
2025-03-23T17:14:20.918-03:00  INFO 4716 --- [           main] com.zaxxer.hikari.HikariDataSource       : HikariPool-1 - Starting...
2025-03-23T17:14:21.832-03:00  INFO 4716 --- [           main] com.zaxxer.hikari.pool.HikariPool        : HikariPool-1 - Added connection com.mysql.cj.jdbc.ConnectionImpl@81dfdee
2025-03-23T17:14:21.839-03:00  INFO 4716 --- [           main] com.zaxxer.hikari.HikariDataSource       : HikariPool-1 - Start completed.
2025-03-23T17:14:21.970-03:00  WARN 4716 --- [           main] org.hibernate.orm.deprecation            : HHH90000025: MySQLDialect does not need to be specified explicitly using 'hibernate.dialect' (remove the property setting and it will be selected by default)
2025-03-23T17:14:24.399-03:00  INFO 4716 --- [           main] o.h.e.t.j.p.i.JtaPlatformInitiator       : HHH000489: No JTA platform available (set 'hibernate.transaction.jta.platform' to enable JTA platform integration)
Hibernate: create table consultas (id bigint not null auto_increment, activa bit, fecha datetime(6), medico_id bigint, paciente_id bigint, primary key (id)) engine=InnoDB
Hibernate: create table medicos (id bigint not null auto_increment, activo bit, calle varchar(255), ciudad varchar(255), complemento varchar(255), distrito varchar(255), numero varchar(255), documento varchar(255), email varchar(255), especialidad enum ('CARDIOLOGIA','GINECOLOGIA','ORTOPEDIA','PEDIATRIA'), nombre varchar(255), telefono varchar(255), primary key (id)) engine=InnoDB
Hibernate: create table pacientes (id bigint not null auto_increment, activo bit, calle varchar(255), ciudad varchar(255), complemento varchar(255), distrito varchar(255), numero varchar(255), documento varchar(255), email varchar(255), nombre varchar(255), telefono varchar(255), primary key (id)) engine=InnoDB
Hibernate: alter table usuarios add column clave varchar(255)
Hibernate: alter table usuarios add column login varchar(255)
Hibernate: alter table consultas add constraint FK9ufe3uh84ex5uofhsubaan07m foreign key (medico_id) references medicos (id)
Hibernate: alter table consultas add constraint FKe93cdauso5jd1y4bdpox45n4t foreign key (paciente_id) references pacientes (id)
2025-03-23T17:14:24.948-03:00  INFO 4716 --- [           main] j.LocalContainerEntityManagerFactoryBean : Initialized JPA EntityManagerFactory for persistence unit 'default'
2025-03-23T17:14:25.705-03:00  INFO 4716 --- [           main] r$InitializeUserDetailsManagerConfigurer : Global AuthenticationManager configured with UserDetailsService bean with name autenticacionService
2025-03-23T17:14:25.875-03:00  INFO 4716 --- [           main] o.s.d.j.r.query.QueryEnhancerFactory     : Hibernate is in classpath; If applicable, HQL parser will be used.
2025-03-23T17:14:27.123-03:00  WARN 4716 --- [           main] JpaBaseConfiguration$JpaWebConfiguration : spring.jpa.open-in-view is enabled by default. Therefore, database queries may be performed during view rendering. Explicitly configure spring.jpa.open-in-view to disable this warning
2025-03-23T17:14:28.032-03:00  INFO 4716 --- [           main] o.s.s.web.DefaultSecurityFilterChain     : Will secure any request with [org.springframework.security.web.session.DisableEncodeUrlFilter@66f965a, org.springframework.security.web.context.request.async.WebAsyncManagerIntegrationFilter@18ca65ea, org.springframework.security.web.context.SecurityContextHolderFilter@68076f57, org.springframework.security.web.header.HeaderWriterFilter@3f41a7ab, org.springframework.web.filter.CorsFilter@140a2add, org.springframework.security.web.authentication.logout.LogoutFilter@1886e8b9, med.voll.api.infra.security.SecurityFilter@5b395ee, org.springframework.security.web.savedrequest.RequestCacheAwareFilter@633332e2, org.springframework.security.web.servletapi.SecurityContextHolderAwareRequestFilter@64e3d4ab, org.springframework.security.web.authentication.AnonymousAuthenticationFilter@5c18556c, org.springframework.security.web.session.SessionManagementFilter@67387eba, org.springframework.security.web.access.ExceptionTranslationFilter@4982b310, org.springframework.security.web.access.intercept.AuthorizationFilter@634de03e]
2025-03-23T17:14:29.057-03:00  INFO 4716 --- [           main] o.s.b.t.m.w.SpringBootMockServletContext : Initializing Spring TestDispatcherServlet ''
2025-03-23T17:14:29.057-03:00  INFO 4716 --- [           main] o.s.t.web.servlet.TestDispatcherServlet  : Initializing Servlet ''
2025-03-23T17:14:29.062-03:00  INFO 4716 --- [           main] o.s.t.web.servlet.TestDispatcherServlet  : Completed initialization in 3 ms
2025-03-23T17:14:29.148-03:00  INFO 4716 --- [           main] m.v.a.controller.ConsultaControllerTest  : Started ConsultaControllerTest in 16.134 seconds (process running for 19.357)
2025-03-23T17:14:29.405-03:00  WARN 4716 --- [           main] .w.s.m.s.DefaultHandlerExceptionResolver : Resolved [org.springframework.http.converter.HttpMessageNotReadableException: Required request body is missing: public org.springframework.http.ResponseEntity med.voll.api.controller.ConsultaController.agendar(med.voll.api.domain.consulta.DatosAgendarConsulta)]
]]></system-out>
  </testcase>
  <testcase name="agendarEscenario2" classname="med.voll.api.controller.ConsultaControllerTest" time="0.398"/>
</testsuite>